# JRE version: Java(TM) SE Runtime Environment (8.0_202-b08) (build 1.8.0_202-b08)
# Java VM: Java HotSpot(TM) 64-Bit Server VM (25.202-b08 mixed mode windows-amd64 compressed oops)
Heap:
 PSYoungGen      total 631808K, used 138544K [0x00000000d5580000, 0x0000000100000000, 0x0000000100000000)
  eden space 604672K, 18% used [0x00000000d5580000,0x00000000dc24cd20,0x00000000fa400000)
  from space 27136K, 99% used [0x00000000fe380000,0x00000000ffdff6a8,0x00000000ffe00000)
  to   space 47104K, 0% used [0x00000000fa400000,0x00000000fa400000,0x00000000fd200000)
 ParOldGen       total 197120K, used 85844K [0x0000000080000000, 0x000000008c080000, 0x00000000d5580000)
  object space 197120K, 43% used [0x0000000080000000,0x00000000853d50a8,0x000000008c080000)
 Metaspace       used 86682K, capacity 89793K, committed 90240K, reserved 1128448K
  class space    used 10904K, capacity 11573K, committed 11648K, reserved 1048576K
GC Heap History (10 events):
Event: 159.268 GC heap before
{Heap before GC invocations=43 (full 2):
 PSYoungGen      total 667136K, used 656718K [0x00000000d5580000, 0x0000000100000000, 0x0000000100000000)
  eden space 637440K, 100% used [0x00000000d5580000,0x00000000fc400000,0x00000000fc400000)
  from space 29696K, 64% used [0x00000000fe080000,0x00000000ff353868,0x00000000ffd80000)
  to   space 29184K, 0% used [0x00000000fc400000,0x00000000fc400000,0x00000000fe080000)
 ParOldGen       total 125952K, used 35935K [0x0000000080000000, 0x0000000087b00000, 0x00000000d5580000)
  object space 125952K, 28% used [0x0000000080000000,0x0000000082317fc8,0x0000000087b00000)
 Metaspace       used 45714K, capacity 48124K, committed 48256K, reserved 1091584K
  class space    used 6177K, capacity 6677K, committed 6784K, reserved 1048576K
Event: 159.297 GC heap after
Heap after GC invocations=43 (full 2):
 PSYoungGen      total 666624K, used 17360K [0x00000000d5580000, 0x00000000ffd80000, 0x0000000100000000)
  eden space 637440K, 0% used [0x00000000d5580000,0x00000000d5580000,0x00000000fc400000)
  from space 29184K, 59% used [0x00000000fc400000,0x00000000fd4f40a8,0x00000000fe080000)
  to   space 28160K, 0% used [0x00000000fe200000,0x00000000fe200000,0x00000000ffd80000)
 ParOldGen       total 125952K, used 36551K [0x0000000080000000, 0x0000000087b00000, 0x00000000d5580000)
  object space 125952K, 29% used [0x0000000080000000,0x00000000823b1fc8,0x0000000087b00000)
 Metaspace       used 45714K, capacity 48124K, committed 48256K, reserved 1091584K
  class space    used 6177K, capacity 6677K, committed 6784K, reserved 1048576K
}
Event: 164.546 GC heap before
{Heap before GC invocations=44 (full 2):
 PSYoungGen      total 666624K, used 654800K [0x00000000d5580000, 0x00000000ffd80000, 0x0000000100000000)
  eden space 637440K, 100% used [0x00000000d5580000,0x00000000fc400000,0x00000000fc400000)
  from space 29184K, 59% used [0x00000000fc400000,0x00000000fd4f40a8,0x00000000fe080000)
  to   space 28160K, 0% used [0x00000000fe200000,0x00000000fe200000,0x00000000ffd80000)
 ParOldGen       total 125952K, used 36551K [0x0000000080000000, 0x0000000087b00000, 0x00000000d5580000)
  object space 125952K, 29% used [0x0000000080000000,0x00000000823b1fc8,0x0000000087b00000)
 Metaspace       used 49011K, capacity 51416K, committed 51712K, reserved 1093632K
  class space    used 6592K, capacity 7123K, committed 7168K, reserved 1048576K
Event: 164.572 GC heap after
Heap after GC invocations=44 (full 2):
 PSYoungGen      total 668160K, used 12159K [0x00000000d5580000, 0x00000000fff00000, 0x0000000100000000)
  eden space 640000K, 0% used [0x00000000d5580000,0x00000000d5580000,0x00000000fc680000)
  from space 28160K, 43% used [0x00000000fe200000,0x00000000feddffc8,0x00000000ffd80000)
  to   space 28160K, 0% used [0x00000000fc680000,0x00000000fc680000,0x00000000fe200000)
 ParOldGen       total 125952K, used 37447K [0x0000000080000000, 0x0000000087b00000, 0x00000000d5580000)
  object space 125952K, 29% used [0x0000000080000000,0x0000000082491fc8,0x0000000087b00000)
 Metaspace       used 49011K, capacity 51416K, committed 51712K, reserved 1093632K
  class space    used 6592K, capacity 7123K, committed 7168K, reserved 1048576K
}
Event: 168.245 GC heap before
{Heap before GC invocations=45 (full 2):
 PSYoungGen      total 668160K, used 114152K [0x00000000d5580000, 0x00000000fff00000, 0x0000000100000000)
  eden space 640000K, 15% used [0x00000000d5580000,0x00000000db91a170,0x00000000fc680000)
  from space 28160K, 43% used [0x00000000fe200000,0x00000000feddffc8,0x00000000ffd80000)
  to   space 28160K, 0% used [0x00000000fc680000,0x00000000fc680000,0x00000000fe200000)
 ParOldGen       total 125952K, used 37447K [0x0000000080000000, 0x0000000087b00000, 0x00000000d5580000)
  object space 125952K, 29% used [0x0000000080000000,0x0000000082491fc8,0x0000000087b00000)
 Metaspace       used 56377K, capacity 59002K, committed 59136K, reserved 1099776K
  class space    used 7783K, capacity 8381K, committed 8448K, reserved 1048576K
Event: 168.283 GC heap after
Heap after GC invocations=45 (full 2):
 PSYoungGen      total 668160K, used 15489K [0x00000000d5580000, 0x00000000ffe00000, 0x0000000100000000)
  eden space 640000K, 0% used [0x00000000d5580000,0x00000000d5580000,0x00000000fc680000)
  from space 28160K, 55% used [0x00000000fc680000,0x00000000fd5a0400,0x00000000fe200000)
  to   space 27136K, 0% used [0x00000000fe380000,0x00000000fe380000,0x00000000ffe00000)
 ParOldGen       total 125952K, used 37959K [0x0000000080000000, 0x0000000087b00000, 0x00000000d5580000)
  object space 125952K, 30% used [0x0000000080000000,0x0000000082511fd8,0x0000000087b00000)
 Metaspace       used 56377K, capacity 59002K, committed 59136K, reserved 1099776K
  class space    used 7783K, capacity 8381K, committed 8448K, reserved 1048576K
}
Event: 168.283 GC heap before
{Heap before GC invocations=46 (full 3):
 PSYoungGen      total 668160K, used 15489K [0x00000000d5580000, 0x00000000ffe00000, 0x0000000100000000)
  eden space 640000K, 0% used [0x00000000d5580000,0x00000000d5580000,0x00000000fc680000)
  from space 28160K, 55% used [0x00000000fc680000,0x00000000fd5a0400,0x00000000fe200000)
  to   space 27136K, 0% used [0x00000000fe380000,0x00000000fe380000,0x00000000ffe00000)
 ParOldGen       total 125952K, used 37959K [0x0000000080000000, 0x0000000087b00000, 0x00000000d5580000)
  object space 125952K, 30% used [0x0000000080000000,0x0000000082511fd8,0x0000000087b00000)
 Metaspace       used 56377K, capacity 59002K, committed 59136K, reserved 1099776K
  class space    used 7783K, capacity 8381K, committed 8448K, reserved 1048576K
Event: 169.509 GC heap after
Heap after GC invocations=46 (full 3):
 PSYoungGen      total 668160K, used 0K [0x00000000d5580000, 0x00000000ffe00000, 0x0000000100000000)
  eden space 640000K, 0% used [0x00000000d5580000,0x00000000d5580000,0x00000000fc680000)
  from space 28160K, 0% used [0x00000000fc680000,0x00000000fc680000,0x00000000fe200000)
  to   space 27136K, 0% used [0x00000000fe380000,0x00000000fe380000,0x00000000ffe00000)
 ParOldGen       total 197120K, used 40258K [0x0000000080000000, 0x000000008c080000, 0x00000000d5580000)
  object space 197120K, 20% used [0x0000000080000000,0x0000000082750a68,0x000000008c080000)
 Metaspace       used 56206K, capacity 58824K, committed 59136K, reserved 1099776K
  class space    used 7745K, capacity 8339K, committed 8448K, reserved 1048576K
}
Event: 202.837 GC heap before
{Heap before GC invocations=47 (full 3):
 PSYoungGen      total 668160K, used 640000K [0x00000000d5580000, 0x00000000ffe00000, 0x0000000100000000)
  eden space 640000K, 100% used [0x00000000d5580000,0x00000000fc680000,0x00000000fc680000)
  from space 28160K, 0% used [0x00000000fc680000,0x00000000fc680000,0x00000000fe200000)
  to   space 27136K, 0% used [0x00000000fe380000,0x00000000fe380000,0x00000000ffe00000)
 ParOldGen       total 197120K, used 40258K [0x0000000080000000, 0x000000008c080000, 0x00000000d5580000)
  object space 197120K, 20% used [0x0000000080000000,0x0000000082750a68,0x000000008c080000)
 Metaspace       used 83320K, capacity 86383K, committed 86656K, reserved 1124352K
  class space    used 10716K, capacity 11374K, committed 11392K, reserved 1048576K
Event: 203.988 GC heap after
Heap after GC invocations=47 (full 3):
 PSYoungGen      total 631808K, used 27133K [0x00000000d5580000, 0x0000000100000000, 0x0000000100000000)
  eden space 604672K, 0% used [0x00000000d5580000,0x00000000d5580000,0x00000000fa400000)
  from space 27136K, 99% used [0x00000000fe380000,0x00000000ffdff6a8,0x00000000ffe00000)
  to   space 47104K, 0% used [0x00000000fa400000,0x00000000fa400000,0x00000000fd200000)
 ParOldGen       total 197120K, used 85844K [0x0000000080000000, 0x000000008c080000, 0x00000000d5580000)
  object space 197120K, 43% used [0x0000000080000000,0x00000000853d50a8,0x000000008c080000)
 Metaspace       used 83320K, capacity 86383K, committed 86656K, reserved 1124352K
  class space    used 10716K, capacity 11374K, committed 11392K, reserved 1048576K
}

